[0.023s] Invoking command in '/home/kitili/test2/build/turtle': CMAKE_PREFIX_PATH=${CMAKE_PREFIX_PATH}:/home/kitili/ros2_ws/install/ros2_control_demo_testing:/home/kitili/ros2_ws/install/build_test_pkg:/opt/ros/jazzy DEBUGINFOD_URLS=https://debuginfod.ubuntu.com /usr/bin/cmake --build /home/kitili/test2/build/turtle -- -j6 -l6
[0.159s] Invoked command in '/home/kitili/test2/build/turtle' returned '0': CMAKE_PREFIX_PATH=${CMAKE_PREFIX_PATH}:/home/kitili/ros2_ws/install/ros2_control_demo_testing:/home/kitili/ros2_ws/install/build_test_pkg:/opt/ros/jazzy DEBUGINFOD_URLS=https://debuginfod.ubuntu.com /usr/bin/cmake --build /home/kitili/test2/build/turtle -- -j6 -l6
[0.196s] Invoking command in '/home/kitili/test2/build/turtle': CMAKE_PREFIX_PATH=${CMAKE_PREFIX_PATH}:/home/kitili/ros2_ws/install/ros2_control_demo_testing:/home/kitili/ros2_ws/install/build_test_pkg:/opt/ros/jazzy DEBUGINFOD_URLS=https://debuginfod.ubuntu.com /usr/bin/cmake --install /home/kitili/test2/build/turtle
[0.207s] -- Install configuration: ""
[0.209s] -- Up-to-date: /home/kitili/test2/install/turtle/share/turtle/config
[0.210s] -- Installing: /home/kitili/test2/install/turtle/share/turtle/config/joint_controller.yaml
[0.210s] -- Installing: /home/kitili/test2/install/turtle/share/turtle/config/ros2_control.xacro
[0.210s] -- Up-to-date: /home/kitili/test2/install/turtle/share/turtle/launch
[0.210s] -- Installing: /home/kitili/test2/install/turtle/share/turtle/launch/launch.py
[0.211s] -- Up-to-date: /home/kitili/test2/install/turtle/share/turtle/launch/__pycache__
[0.211s] -- Installing: /home/kitili/test2/install/turtle/share/turtle/launch/__pycache__/launch.cpython-312.pyc
[0.212s] -- Up-to-date: /home/kitili/test2/install/turtle/share/turtle/launch/Turtle.Launch.py
[0.212s] -- Up-to-date: /home/kitili/test2/install/turtle/share/turtle/maps
[0.212s] -- Up-to-date: /home/kitili/test2/install/turtle/share/turtle/meshes
[0.213s] -- Up-to-date: /home/kitili/test2/install/turtle/share/turtle/meshes/collision
[0.214s] -- Up-to-date: /home/kitili/test2/install/turtle/share/turtle/meshes/collision/Front_left1.STL
[0.214s] -- Up-to-date: /home/kitili/test2/install/turtle/share/turtle/meshes/collision/Back_left1.STL
[0.214s] -- Up-to-date: /home/kitili/test2/install/turtle/share/turtle/meshes/collision/base_link.STL
[0.214s] -- Up-to-date: /home/kitili/test2/install/turtle/share/turtle/meshes/collision/Front_left2.STL
[0.214s] -- Up-to-date: /home/kitili/test2/install/turtle/share/turtle/meshes/collision/Front_right1.STL
[0.214s] -- Up-to-date: /home/kitili/test2/install/turtle/share/turtle/meshes/collision/Front_right2.STL
[0.214s] -- Up-to-date: /home/kitili/test2/install/turtle/share/turtle/meshes/collision/Back_right2.STL
[0.214s] -- Up-to-date: /home/kitili/test2/install/turtle/share/turtle/meshes/collision/Back_left2.STL
[0.215s] -- Up-to-date: /home/kitili/test2/install/turtle/share/turtle/meshes/collision/Back_right1.STL
[0.215s] -- Up-to-date: /home/kitili/test2/install/turtle/share/turtle/meshes/visual
[0.215s] -- Up-to-date: /home/kitili/test2/install/turtle/share/turtle/meshes/visual/Front_left1.STL
[0.215s] -- Up-to-date: /home/kitili/test2/install/turtle/share/turtle/meshes/visual/Back_left1.STL
[0.215s] -- Up-to-date: /home/kitili/test2/install/turtle/share/turtle/meshes/visual/base_link.STL
[0.215s] -- Up-to-date: /home/kitili/test2/install/turtle/share/turtle/meshes/visual/Front_left2.STL
[0.215s] -- Up-to-date: /home/kitili/test2/install/turtle/share/turtle/meshes/visual/Front_right1.STL
[0.215s] -- Up-to-date: /home/kitili/test2/install/turtle/share/turtle/meshes/visual/Front_right2.STL
[0.215s] -- Up-to-date: /home/kitili/test2/install/turtle/share/turtle/meshes/visual/Back_right2.STL
[0.215s] -- Up-to-date: /home/kitili/test2/install/turtle/share/turtle/meshes/visual/Back_left2.STL
[0.216s] -- Up-to-date: /home/kitili/test2/install/turtle/share/turtle/meshes/visual/Back_right1.STL
[0.216s] -- Up-to-date: /home/kitili/test2/install/turtle/share/turtle/collision
[0.217s] -- Up-to-date: /home/kitili/test2/install/turtle/share/turtle/collision/Front_left1.STL
[0.217s] -- Up-to-date: /home/kitili/test2/install/turtle/share/turtle/collision/Back_left1.STL
[0.217s] -- Up-to-date: /home/kitili/test2/install/turtle/share/turtle/collision/base_link.STL
[0.217s] -- Up-to-date: /home/kitili/test2/install/turtle/share/turtle/collision/Front_left2.STL
[0.217s] -- Up-to-date: /home/kitili/test2/install/turtle/share/turtle/collision/Front_right1.STL
[0.217s] -- Up-to-date: /home/kitili/test2/install/turtle/share/turtle/collision/Front_right2.STL
[0.218s] -- Up-to-date: /home/kitili/test2/install/turtle/share/turtle/collision/Back_right2.STL
[0.218s] -- Up-to-date: /home/kitili/test2/install/turtle/share/turtle/collision/Back_left2.STL
[0.218s] -- Up-to-date: /home/kitili/test2/install/turtle/share/turtle/collision/Back_right1.STL
[0.218s] -- Up-to-date: /home/kitili/test2/install/turtle/share/turtle/visual
[0.218s] -- Up-to-date: /home/kitili/test2/install/turtle/share/turtle/visual/Front_left1.STL
[0.218s] -- Up-to-date: /home/kitili/test2/install/turtle/share/turtle/visual/Back_left1.STL
[0.218s] -- Up-to-date: /home/kitili/test2/install/turtle/share/turtle/visual/base_link.STL
[0.218s] -- Up-to-date: /home/kitili/test2/install/turtle/share/turtle/visual/Front_left2.STL
[0.218s] -- Up-to-date: /home/kitili/test2/install/turtle/share/turtle/visual/Front_right1.STL
[0.218s] -- Up-to-date: /home/kitili/test2/install/turtle/share/turtle/visual/Front_right2.STL
[0.218s] -- Up-to-date: /home/kitili/test2/install/turtle/share/turtle/visual/Back_right2.STL
[0.218s] -- Up-to-date: /home/kitili/test2/install/turtle/share/turtle/visual/Back_left2.STL
[0.218s] -- Up-to-date: /home/kitili/test2/install/turtle/share/turtle/visual/Back_right1.STL
[0.219s] -- Up-to-date: /home/kitili/test2/install/turtle/share/turtle/models
[0.219s] -- Up-to-date: /home/kitili/test2/install/turtle/share/turtle/params
[0.219s] -- Up-to-date: /home/kitili/test2/install/turtle/share/turtle/rviz
[0.219s] -- Up-to-date: /home/kitili/test2/install/turtle/share/turtle/rviz/rviz_basic_settings.rviz
[0.219s] -- Up-to-date: /home/kitili/test2/install/turtle/share/turtle/src
[0.219s] -- Up-to-date: /home/kitili/test2/install/turtle/share/turtle/urdf
[0.219s] -- Up-to-date: /home/kitili/test2/install/turtle/share/turtle/urdf/URDF1.urdf
[0.220s] -- Up-to-date: /home/kitili/test2/install/turtle/share/turtle/worlds
[0.221s] -- Up-to-date: /home/kitili/test2/install/turtle/share/ament_index/resource_index/package_run_dependencies/turtle
[0.221s] -- Up-to-date: /home/kitili/test2/install/turtle/share/ament_index/resource_index/parent_prefix_path/turtle
[0.221s] -- Up-to-date: /home/kitili/test2/install/turtle/share/turtle/environment/ament_prefix_path.sh
[0.222s] -- Up-to-date: /home/kitili/test2/install/turtle/share/turtle/environment/ament_prefix_path.dsv
[0.222s] -- Up-to-date: /home/kitili/test2/install/turtle/share/turtle/environment/path.sh
[0.222s] -- Up-to-date: /home/kitili/test2/install/turtle/share/turtle/environment/path.dsv
[0.222s] -- Up-to-date: /home/kitili/test2/install/turtle/share/turtle/local_setup.bash
[0.222s] -- Up-to-date: /home/kitili/test2/install/turtle/share/turtle/local_setup.sh
[0.222s] -- Up-to-date: /home/kitili/test2/install/turtle/share/turtle/local_setup.zsh
[0.222s] -- Up-to-date: /home/kitili/test2/install/turtle/share/turtle/local_setup.dsv
[0.222s] -- Installing: /home/kitili/test2/install/turtle/share/turtle/package.dsv
[0.222s] -- Up-to-date: /home/kitili/test2/install/turtle/share/ament_index/resource_index/packages/turtle
[0.223s] -- Up-to-date: /home/kitili/test2/install/turtle/share/turtle/cmake/turtleConfig.cmake
[0.223s] -- Up-to-date: /home/kitili/test2/install/turtle/share/turtle/cmake/turtleConfig-version.cmake
[0.223s] -- Up-to-date: /home/kitili/test2/install/turtle/share/turtle/package.xml
[0.225s] Invoked command in '/home/kitili/test2/build/turtle' returned '0': CMAKE_PREFIX_PATH=${CMAKE_PREFIX_PATH}:/home/kitili/ros2_ws/install/ros2_control_demo_testing:/home/kitili/ros2_ws/install/build_test_pkg:/opt/ros/jazzy DEBUGINFOD_URLS=https://debuginfod.ubuntu.com /usr/bin/cmake --install /home/kitili/test2/build/turtle
