[0.015s] Invoking command in '/home/kitili/test2/build/turtle': CMAKE_PREFIX_PATH=${CMAKE_PREFIX_PATH}:/home/kitili/ros2_ws/install/ros2_control_demo_testing:/home/kitili/ros2_ws/install/build_test_pkg:/opt/ros/jazzy DEBUGINFOD_URLS=https://debuginfod.ubuntu.com /usr/bin/cmake --build /home/kitili/test2/build/turtle -- -j6 -l6
[0.069s] Invoked command in '/home/kitili/test2/build/turtle' returned '0': CMAKE_PREFIX_PATH=${CMAKE_PREFIX_PATH}:/home/kitili/ros2_ws/install/ros2_control_demo_testing:/home/kitili/ros2_ws/install/build_test_pkg:/opt/ros/jazzy DEBUGINFOD_URLS=https://debuginfod.ubuntu.com /usr/bin/cmake --build /home/kitili/test2/build/turtle -- -j6 -l6
[0.110s] Invoking command in '/home/kitili/test2/build/turtle': CMAKE_PREFIX_PATH=${CMAKE_PREFIX_PATH}:/home/kitili/ros2_ws/install/ros2_control_demo_testing:/home/kitili/ros2_ws/install/build_test_pkg:/opt/ros/jazzy DEBUGINFOD_URLS=https://debuginfod.ubuntu.com /usr/bin/cmake --install /home/kitili/test2/build/turtle
[0.119s] -- Install configuration: ""
[0.120s] -- Up-to-date: /home/kitili/test2/install/turtle/share/turtle/config
[0.120s] -- Up-to-date: /home/kitili/test2/install/turtle/share/turtle/launch
[0.120s] -- Up-to-date: /home/kitili/test2/install/turtle/share/turtle/launch/launch.py
[0.120s] -- Up-to-date: /home/kitili/test2/install/turtle/share/turtle/launch/__pycache__
[0.120s] -- Installing: /home/kitili/test2/install/turtle/share/turtle/launch/__pycache__/launch.cpython-312.pyc
[0.120s] -- Up-to-date: /home/kitili/test2/install/turtle/share/turtle/launch/Turtle.Launch.py
[0.120s] -- Up-to-date: /home/kitili/test2/install/turtle/share/turtle/maps
[0.121s] -- Up-to-date: /home/kitili/test2/install/turtle/share/turtle/meshes
[0.121s] -- Up-to-date: /home/kitili/test2/install/turtle/share/turtle/meshes/collision
[0.121s] -- Up-to-date: /home/kitili/test2/install/turtle/share/turtle/meshes/collision/Front_left1.STL
[0.121s] -- Up-to-date: /home/kitili/test2/install/turtle/share/turtle/meshes/collision/Back_left1.STL
[0.121s] -- Up-to-date: /home/kitili/test2/install/turtle/share/turtle/meshes/collision/base_link.STL
[0.121s] -- Up-to-date: /home/kitili/test2/install/turtle/share/turtle/meshes/collision/Front_left2.STL
[0.121s] -- Up-to-date: /home/kitili/test2/install/turtle/share/turtle/meshes/collision/Front_right1.STL
[0.121s] -- Up-to-date: /home/kitili/test2/install/turtle/share/turtle/meshes/collision/Front_right2.STL
[0.121s] -- Up-to-date: /home/kitili/test2/install/turtle/share/turtle/meshes/collision/Back_right2.STL
[0.122s] -- Up-to-date: /home/kitili/test2/install/turtle/share/turtle/meshes/collision/Back_left2.STL
[0.122s] -- Up-to-date: /home/kitili/test2/install/turtle/share/turtle/meshes/collision/Back_right1.STL
[0.122s] -- Up-to-date: /home/kitili/test2/install/turtle/share/turtle/meshes/visual
[0.122s] -- Up-to-date: /home/kitili/test2/install/turtle/share/turtle/meshes/visual/Front_left1.STL
[0.122s] -- Up-to-date: /home/kitili/test2/install/turtle/share/turtle/meshes/visual/Back_left1.STL
[0.122s] -- Up-to-date: /home/kitili/test2/install/turtle/share/turtle/meshes/visual/base_link.STL
[0.123s] -- Up-to-date: /home/kitili/test2/install/turtle/share/turtle/meshes/visual/Front_left2.STL
[0.123s] -- Up-to-date: /home/kitili/test2/install/turtle/share/turtle/meshes/visual/Front_right1.STL
[0.123s] -- Up-to-date: /home/kitili/test2/install/turtle/share/turtle/meshes/visual/Front_right2.STL
[0.123s] -- Up-to-date: /home/kitili/test2/install/turtle/share/turtle/meshes/visual/Back_right2.STL
[0.123s] -- Up-to-date: /home/kitili/test2/install/turtle/share/turtle/meshes/visual/Back_left2.STL
[0.123s] -- Up-to-date: /home/kitili/test2/install/turtle/share/turtle/meshes/visual/Back_right1.STL
[0.123s] -- Up-to-date: /home/kitili/test2/install/turtle/share/turtle/collision
[0.123s] -- Up-to-date: /home/kitili/test2/install/turtle/share/turtle/collision/Front_left1.STL
[0.123s] -- Up-to-date: /home/kitili/test2/install/turtle/share/turtle/collision/Back_left1.STL
[0.123s] -- Up-to-date: /home/kitili/test2/install/turtle/share/turtle/collision/base_link.STL
[0.124s] -- Up-to-date: /home/kitili/test2/install/turtle/share/turtle/collision/Front_left2.STL
[0.124s] -- Up-to-date: /home/kitili/test2/install/turtle/share/turtle/collision/Front_right1.STL
[0.124s] -- Up-to-date: /home/kitili/test2/install/turtle/share/turtle/collision/Front_right2.STL
[0.124s] -- Up-to-date: /home/kitili/test2/install/turtle/share/turtle/collision/Back_right2.STL
[0.124s] -- Up-to-date: /home/kitili/test2/install/turtle/share/turtle/collision/Back_left2.STL
[0.124s] -- Up-to-date: /home/kitili/test2/install/turtle/share/turtle/collision/Back_right1.STL
[0.124s] -- Up-to-date: /home/kitili/test2/install/turtle/share/turtle/visual
[0.124s] -- Up-to-date: /home/kitili/test2/install/turtle/share/turtle/visual/Front_left1.STL
[0.124s] -- Up-to-date: /home/kitili/test2/install/turtle/share/turtle/visual/Back_left1.STL
[0.125s] -- Up-to-date: /home/kitili/test2/install/turtle/share/turtle/visual/base_link.STL
[0.125s] -- Up-to-date: /home/kitili/test2/install/turtle/share/turtle/visual/Front_left2.STL
[0.125s] -- Up-to-date: /home/kitili/test2/install/turtle/share/turtle/visual/Front_right1.STL
[0.125s] -- Up-to-date: /home/kitili/test2/install/turtle/share/turtle/visual/Front_right2.STL
[0.125s] -- Up-to-date: /home/kitili/test2/install/turtle/share/turtle/visual/Back_right2.STL
[0.125s] -- Up-to-date: /home/kitili/test2/install/turtle/share/turtle/visual/Back_left2.STL
[0.125s] -- Up-to-date: /home/kitili/test2/install/turtle/share/turtle/visual/Back_right1.STL
[0.125s] -- Up-to-date: /home/kitili/test2/install/turtle/share/turtle/models
[0.125s] -- Up-to-date: /home/kitili/test2/install/turtle/share/turtle/params
[0.125s] -- Up-to-date: /home/kitili/test2/install/turtle/share/turtle/rviz
[0.126s] -- Up-to-date: /home/kitili/test2/install/turtle/share/turtle/rviz/rviz_basic_settings.rviz
[0.126s] -- Up-to-date: /home/kitili/test2/install/turtle/share/turtle/src
[0.126s] -- Up-to-date: /home/kitili/test2/install/turtle/share/turtle/urdf
[0.126s] -- Up-to-date: /home/kitili/test2/install/turtle/share/turtle/urdf/URDF1.urdf
[0.126s] -- Up-to-date: /home/kitili/test2/install/turtle/share/turtle/worlds
[0.126s] -- Up-to-date: /home/kitili/test2/install/turtle/share/ament_index/resource_index/package_run_dependencies/turtle
[0.126s] -- Up-to-date: /home/kitili/test2/install/turtle/share/ament_index/resource_index/parent_prefix_path/turtle
[0.126s] -- Up-to-date: /home/kitili/test2/install/turtle/share/turtle/environment/ament_prefix_path.sh
[0.126s] -- Up-to-date: /home/kitili/test2/install/turtle/share/turtle/environment/ament_prefix_path.dsv
[0.126s] -- Up-to-date: /home/kitili/test2/install/turtle/share/turtle/environment/path.sh
[0.126s] -- Up-to-date: /home/kitili/test2/install/turtle/share/turtle/environment/path.dsv
[0.126s] -- Up-to-date: /home/kitili/test2/install/turtle/share/turtle/local_setup.bash
[0.127s] -- Up-to-date: /home/kitili/test2/install/turtle/share/turtle/local_setup.sh
[0.127s] -- Up-to-date: /home/kitili/test2/install/turtle/share/turtle/local_setup.zsh
[0.127s] -- Up-to-date: /home/kitili/test2/install/turtle/share/turtle/local_setup.dsv
[0.127s] -- Installing: /home/kitili/test2/install/turtle/share/turtle/package.dsv
[0.127s] -- Up-to-date: /home/kitili/test2/install/turtle/share/ament_index/resource_index/packages/turtle
[0.127s] -- Up-to-date: /home/kitili/test2/install/turtle/share/turtle/cmake/turtleConfig.cmake
[0.127s] -- Up-to-date: /home/kitili/test2/install/turtle/share/turtle/cmake/turtleConfig-version.cmake
[0.127s] -- Up-to-date: /home/kitili/test2/install/turtle/share/turtle/package.xml
[0.128s] Invoked command in '/home/kitili/test2/build/turtle' returned '0': CMAKE_PREFIX_PATH=${CMAKE_PREFIX_PATH}:/home/kitili/ros2_ws/install/ros2_control_demo_testing:/home/kitili/ros2_ws/install/build_test_pkg:/opt/ros/jazzy DEBUGINFOD_URLS=https://debuginfod.ubuntu.com /usr/bin/cmake --install /home/kitili/test2/build/turtle
