[0.012s] Invoking command in '/home/kitili/test2/build/turtle': CMAKE_PREFIX_PATH=${CMAKE_PREFIX_PATH}:/opt/ros/jazzy DEBUGINFOD_URLS=https://debuginfod.ubuntu.com /usr/bin/cmake --build /home/kitili/test2/build/turtle -- -j6 -l6
[0.037s] -- Found ament_cmake: 2.5.2 (/opt/ros/jazzy/share/ament_cmake/cmake)
[0.230s] -- Found ament_lint_auto: 0.17.1 (/opt/ros/jazzy/share/ament_lint_auto/cmake)
[0.327s] -- Added test 'cppcheck' to perform static code analysis on C / C++ code
[0.328s] -- Configured cppcheck include dirs: 
[0.328s] -- Configured cppcheck exclude dirs and/or files: 
[0.329s] -- Added test 'flake8' to check Python code syntax and style conventions
[0.330s] -- Configured 'flake8' exclude dirs and/or files: 
[0.333s] -- Added test 'lint_cmake' to check CMake code style
[0.335s] -- Added test 'pep257' to check Python code against some of the docstring style conventions in PEP 257
[0.346s] -- Added test 'uncrustify' to check C / C++ code style
[0.346s] -- Configured uncrustify additional arguments: 
[0.348s] -- Added test 'xmllint' to check XML markup files
[0.349s] -- Configuring done (0.3s)
[0.352s] -- Generating done (0.0s)
[0.353s] -- Build files have been written to: /home/kitili/test2/build/turtle
[0.376s] Invoked command in '/home/kitili/test2/build/turtle' returned '0': CMAKE_PREFIX_PATH=${CMAKE_PREFIX_PATH}:/opt/ros/jazzy DEBUGINFOD_URLS=https://debuginfod.ubuntu.com /usr/bin/cmake --build /home/kitili/test2/build/turtle -- -j6 -l6
[0.403s] Invoking command in '/home/kitili/test2/build/turtle': CMAKE_PREFIX_PATH=${CMAKE_PREFIX_PATH}:/opt/ros/jazzy DEBUGINFOD_URLS=https://debuginfod.ubuntu.com /usr/bin/cmake --install /home/kitili/test2/build/turtle
[0.410s] -- Install configuration: ""
[0.411s] -- Up-to-date: /home/kitili/test2/install/turtle/share/turtle/config
[0.411s] -- Up-to-date: /home/kitili/test2/install/turtle/share/turtle/launch
[0.411s] -- Up-to-date: /home/kitili/test2/install/turtle/share/turtle/launch/launch.py
[0.411s] -- Up-to-date: /home/kitili/test2/install/turtle/share/turtle/maps
[0.411s] -- Installing: /home/kitili/test2/install/turtle/share/turtle/visual
[0.411s] -- Installing: /home/kitili/test2/install/turtle/share/turtle/visual/Front_left1.STL
[0.411s] -- Installing: /home/kitili/test2/install/turtle/share/turtle/visual/Back_left1.STL
[0.411s] -- Installing: /home/kitili/test2/install/turtle/share/turtle/visual/base_link.STL
[0.415s] -- Installing: /home/kitili/test2/install/turtle/share/turtle/visual/Front_left2.STL
[0.415s] -- Installing: /home/kitili/test2/install/turtle/share/turtle/visual/Front_right1.STL
[0.415s] -- Installing: /home/kitili/test2/install/turtle/share/turtle/visual/Front_right2.STL
[0.415s] -- Installing: /home/kitili/test2/install/turtle/share/turtle/visual/Back_right2.STL
[0.416s] -- Installing: /home/kitili/test2/install/turtle/share/turtle/visual/Back_left2.STL
[0.416s] -- Installing: /home/kitili/test2/install/turtle/share/turtle/visual/Back_right1.STL
[0.416s] -- Up-to-date: /home/kitili/test2/install/turtle/share/turtle/models
[0.417s] -- Up-to-date: /home/kitili/test2/install/turtle/share/turtle/params
[0.417s] -- Up-to-date: /home/kitili/test2/install/turtle/share/turtle/rviz
[0.417s] -- Up-to-date: /home/kitili/test2/install/turtle/share/turtle/rviz/rviz_basic_settings.rviz
[0.417s] -- Up-to-date: /home/kitili/test2/install/turtle/share/turtle/src
[0.417s] -- Up-to-date: /home/kitili/test2/install/turtle/share/turtle/urdf
[0.417s] -- Up-to-date: /home/kitili/test2/install/turtle/share/turtle/urdf/URDF1.urdf
[0.417s] -- Up-to-date: /home/kitili/test2/install/turtle/share/turtle/worlds
[0.418s] -- Up-to-date: /home/kitili/test2/install/turtle/share/ament_index/resource_index/package_run_dependencies/turtle
[0.418s] -- Installing: /home/kitili/test2/install/turtle/share/ament_index/resource_index/parent_prefix_path/turtle
[0.418s] -- Up-to-date: /home/kitili/test2/install/turtle/share/turtle/environment/ament_prefix_path.sh
[0.418s] -- Up-to-date: /home/kitili/test2/install/turtle/share/turtle/environment/ament_prefix_path.dsv
[0.418s] -- Up-to-date: /home/kitili/test2/install/turtle/share/turtle/environment/path.sh
[0.418s] -- Up-to-date: /home/kitili/test2/install/turtle/share/turtle/environment/path.dsv
[0.418s] -- Up-to-date: /home/kitili/test2/install/turtle/share/turtle/local_setup.bash
[0.418s] -- Up-to-date: /home/kitili/test2/install/turtle/share/turtle/local_setup.sh
[0.418s] -- Up-to-date: /home/kitili/test2/install/turtle/share/turtle/local_setup.zsh
[0.418s] -- Up-to-date: /home/kitili/test2/install/turtle/share/turtle/local_setup.dsv
[0.418s] -- Installing: /home/kitili/test2/install/turtle/share/turtle/package.dsv
[0.418s] -- Up-to-date: /home/kitili/test2/install/turtle/share/ament_index/resource_index/packages/turtle
[0.419s] -- Up-to-date: /home/kitili/test2/install/turtle/share/turtle/cmake/turtleConfig.cmake
[0.419s] -- Up-to-date: /home/kitili/test2/install/turtle/share/turtle/cmake/turtleConfig-version.cmake
[0.419s] -- Up-to-date: /home/kitili/test2/install/turtle/share/turtle/package.xml
[0.420s] Invoked command in '/home/kitili/test2/build/turtle' returned '0': CMAKE_PREFIX_PATH=${CMAKE_PREFIX_PATH}:/opt/ros/jazzy DEBUGINFOD_URLS=https://debuginfod.ubuntu.com /usr/bin/cmake --install /home/kitili/test2/build/turtle
