-- The C compiler identification is GNU 13.2.0
-- The CXX compiler identification is GNU 13.2.0
-- Detecting C compiler ABI info
-- Detecting C compiler ABI info - done
-- Check for working C compiler: /usr/bin/cc - skipped
-- Detecting C compile features
-- Detecting C compile features - done
-- Detecting CXX compiler ABI info
-- Detecting CXX compiler ABI info - done
-- Check for working CXX compiler: /usr/bin/c++ - skipped
-- Detecting CXX compile features
-- Detecting CXX compile features - done
-- Found ament_cmake: 2.5.2 (/opt/ros/jazzy/share/ament_cmake/cmake)
-- Found Python3: /usr/bin/python3 (found version "3.12.3") found components: Interpreter 
-- Found ament_lint_auto: 0.17.1 (/opt/ros/jazzy/share/ament_lint_auto/cmake)
-- Added test 'flake8' to check Python code syntax and style conventions
-- Configured 'flake8' exclude dirs and/or files: 
-- Added test 'lint_cmake' to check CMake code style
-- Added test 'pep257' to check Python code against some of the docstring style conventions in PEP 257
-- Added test 'xmllint' to check XML markup files
-- Configuring done (1.0s)
-- Generating done (0.0s)
-- Build files have been written to: /home/kitili/test2/build/turtle
-- Install configuration: ""
-- Installing: /home/kitili/test2/install/turtle/share/ament_index/resource_index/package_run_dependencies/turtle
-- Installing: /home/kitili/test2/install/turtle/share/ament_index/resource_index/parent_prefix_path/turtle
-- Installing: /home/kitili/test2/install/turtle/share/turtle/environment/ament_prefix_path.sh
-- Installing: /home/kitili/test2/install/turtle/share/turtle/environment/ament_prefix_path.dsv
-- Installing: /home/kitili/test2/install/turtle/share/turtle/environment/path.sh
-- Installing: /home/kitili/test2/install/turtle/share/turtle/environment/path.dsv
-- Installing: /home/kitili/test2/install/turtle/share/turtle/local_setup.bash
-- Installing: /home/kitili/test2/install/turtle/share/turtle/local_setup.sh
-- Installing: /home/kitili/test2/install/turtle/share/turtle/local_setup.zsh
-- Installing: /home/kitili/test2/install/turtle/share/turtle/local_setup.dsv
-- Installing: /home/kitili/test2/install/turtle/share/turtle/package.dsv
-- Installing: /home/kitili/test2/install/turtle/share/ament_index/resource_index/packages/turtle
-- Installing: /home/kitili/test2/install/turtle/share/turtle/cmake/turtleConfig.cmake
-- Installing: /home/kitili/test2/install/turtle/share/turtle/cmake/turtleConfig-version.cmake
-- Installing: /home/kitili/test2/install/turtle/share/turtle/package.xml
