[0.012s] Invoking command in '/home/kitili/test2/build/turtle': CMAKE_PREFIX_PATH=${CMAKE_PREFIX_PATH}:/opt/ros/jazzy DEBUGINFOD_URLS=https://debuginfod.ubuntu.com /usr/bin/cmake --build /home/kitili/test2/build/turtle -- -j6 -l6
[0.036s] -- Found ament_cmake: 2.5.2 (/opt/ros/jazzy/share/ament_cmake/cmake)
[0.225s] -- Found ament_lint_auto: 0.17.1 (/opt/ros/jazzy/share/ament_lint_auto/cmake)
[0.316s] -- Added test 'flake8' to check Python code syntax and style conventions
[0.316s] -- Configured 'flake8' exclude dirs and/or files: 
[0.316s] -- Added test 'lint_cmake' to check CMake code style
[0.317s] -- Added test 'pep257' to check Python code against some of the docstring style conventions in PEP 257
[0.319s] -- Added test 'xmllint' to check XML markup files
[0.320s] -- Configuring done (0.3s)
[0.323s] -- Generating done (0.0s)
[0.324s] -- Build files have been written to: /home/kitili/test2/build/turtle
[0.346s] Invoked command in '/home/kitili/test2/build/turtle' returned '0': CMAKE_PREFIX_PATH=${CMAKE_PREFIX_PATH}:/opt/ros/jazzy DEBUGINFOD_URLS=https://debuginfod.ubuntu.com /usr/bin/cmake --build /home/kitili/test2/build/turtle -- -j6 -l6
[0.376s] Invoking command in '/home/kitili/test2/build/turtle': CMAKE_PREFIX_PATH=${CMAKE_PREFIX_PATH}:/opt/ros/jazzy DEBUGINFOD_URLS=https://debuginfod.ubuntu.com /usr/bin/cmake --install /home/kitili/test2/build/turtle
[0.384s] -- Install configuration: ""
[0.384s] -- Installing: /home/kitili/test2/install/turtle/share/turtle/config
[0.384s] -- Installing: /home/kitili/test2/install/turtle/share/turtle/launch
[0.384s] -- Installing: /home/kitili/test2/install/turtle/share/turtle/launch/launch.py
[0.384s] -- Installing: /home/kitili/test2/install/turtle/share/turtle/maps
[0.384s] -- Installing: /home/kitili/test2/install/turtle/share/turtle/meshes
[0.385s] -- Installing: /home/kitili/test2/install/turtle/share/turtle/meshes/collision
[0.385s] -- Installing: /home/kitili/test2/install/turtle/share/turtle/meshes/collision/Front_left1.STL
[0.385s] -- Installing: /home/kitili/test2/install/turtle/share/turtle/meshes/collision/Back_left1.STL
[0.385s] -- Installing: /home/kitili/test2/install/turtle/share/turtle/meshes/collision/base_link.STL
[0.387s] -- Installing: /home/kitili/test2/install/turtle/share/turtle/meshes/collision/Front_left2.STL
[0.388s] -- Installing: /home/kitili/test2/install/turtle/share/turtle/meshes/collision/Front_right1.STL
[0.388s] -- Installing: /home/kitili/test2/install/turtle/share/turtle/meshes/collision/Front_right2.STL
[0.388s] -- Installing: /home/kitili/test2/install/turtle/share/turtle/meshes/collision/Back_right2.STL
[0.388s] -- Installing: /home/kitili/test2/install/turtle/share/turtle/meshes/collision/Back_left2.STL
[0.389s] -- Installing: /home/kitili/test2/install/turtle/share/turtle/meshes/collision/Back_right1.STL
[0.389s] -- Installing: /home/kitili/test2/install/turtle/share/turtle/meshes/visual
[0.389s] -- Installing: /home/kitili/test2/install/turtle/share/turtle/meshes/visual/Front_left1.STL
[0.389s] -- Installing: /home/kitili/test2/install/turtle/share/turtle/meshes/visual/Back_left1.STL
[0.390s] -- Installing: /home/kitili/test2/install/turtle/share/turtle/meshes/visual/base_link.STL
[0.393s] -- Installing: /home/kitili/test2/install/turtle/share/turtle/meshes/visual/Front_left2.STL
[0.393s] -- Installing: /home/kitili/test2/install/turtle/share/turtle/meshes/visual/Front_right1.STL
[0.393s] -- Installing: /home/kitili/test2/install/turtle/share/turtle/meshes/visual/Front_right2.STL
[0.393s] -- Installing: /home/kitili/test2/install/turtle/share/turtle/meshes/visual/Back_right2.STL
[0.393s] -- Installing: /home/kitili/test2/install/turtle/share/turtle/meshes/visual/Back_left2.STL
[0.394s] -- Installing: /home/kitili/test2/install/turtle/share/turtle/meshes/visual/Back_right1.STL
[0.394s] -- Installing: /home/kitili/test2/install/turtle/share/turtle/models
[0.394s] -- Installing: /home/kitili/test2/install/turtle/share/turtle/params
[0.394s] -- Installing: /home/kitili/test2/install/turtle/share/turtle/rviz
[0.394s] -- Installing: /home/kitili/test2/install/turtle/share/turtle/rviz/rviz_basic_settings.rviz
[0.395s] -- Installing: /home/kitili/test2/install/turtle/share/turtle/src
[0.395s] -- Installing: /home/kitili/test2/install/turtle/share/turtle/urdf
[0.395s] -- Installing: /home/kitili/test2/install/turtle/share/turtle/urdf/URDF1.urdf
[0.395s] -- Installing: /home/kitili/test2/install/turtle/share/turtle/worlds
[0.395s] -- Up-to-date: /home/kitili/test2/install/turtle/share/ament_index/resource_index/package_run_dependencies/turtle
[0.395s] -- Up-to-date: /home/kitili/test2/install/turtle/share/ament_index/resource_index/parent_prefix_path/turtle
[0.395s] -- Up-to-date: /home/kitili/test2/install/turtle/share/turtle/environment/ament_prefix_path.sh
[0.395s] -- Up-to-date: /home/kitili/test2/install/turtle/share/turtle/environment/ament_prefix_path.dsv
[0.395s] -- Up-to-date: /home/kitili/test2/install/turtle/share/turtle/environment/path.sh
[0.396s] -- Up-to-date: /home/kitili/test2/install/turtle/share/turtle/environment/path.dsv
[0.396s] -- Up-to-date: /home/kitili/test2/install/turtle/share/turtle/local_setup.bash
[0.396s] -- Up-to-date: /home/kitili/test2/install/turtle/share/turtle/local_setup.sh
[0.396s] -- Up-to-date: /home/kitili/test2/install/turtle/share/turtle/local_setup.zsh
[0.396s] -- Up-to-date: /home/kitili/test2/install/turtle/share/turtle/local_setup.dsv
[0.396s] -- Up-to-date: /home/kitili/test2/install/turtle/share/turtle/package.dsv
[0.396s] -- Up-to-date: /home/kitili/test2/install/turtle/share/ament_index/resource_index/packages/turtle
[0.396s] -- Up-to-date: /home/kitili/test2/install/turtle/share/turtle/cmake/turtleConfig.cmake
[0.396s] -- Up-to-date: /home/kitili/test2/install/turtle/share/turtle/cmake/turtleConfig-version.cmake
[0.396s] -- Up-to-date: /home/kitili/test2/install/turtle/share/turtle/package.xml
[0.397s] Invoked command in '/home/kitili/test2/build/turtle' returned '0': CMAKE_PREFIX_PATH=${CMAKE_PREFIX_PATH}:/opt/ros/jazzy DEBUGINFOD_URLS=https://debuginfod.ubuntu.com /usr/bin/cmake --install /home/kitili/test2/build/turtle
