-- Install configuration: ""
-- Up-to-date: /home/kitili/test2/install/turtle/share/turtle/config
-- Up-to-date: /home/kitili/test2/install/turtle/share/turtle/launch
-- Installing: /home/kitili/test2/install/turtle/share/turtle/launch/launch.py
-- Up-to-date: /home/kitili/test2/install/turtle/share/turtle/launch/__pycache__
-- Installing: /home/kitili/test2/install/turtle/share/turtle/launch/__pycache__/launch.cpython-312.pyc
-- Up-to-date: /home/kitili/test2/install/turtle/share/turtle/launch/Turtle.Launch.py
-- Up-to-date: /home/kitili/test2/install/turtle/share/turtle/maps
-- Up-to-date: /home/kitili/test2/install/turtle/share/turtle/collision
-- Up-to-date: /home/kitili/test2/install/turtle/share/turtle/collision/Front_left1.STL
-- Up-to-date: /home/kitili/test2/install/turtle/share/turtle/collision/Back_left1.STL
-- Up-to-date: /home/kitili/test2/install/turtle/share/turtle/collision/base_link.STL
-- Up-to-date: /home/kitili/test2/install/turtle/share/turtle/collision/Front_left2.STL
-- Up-to-date: /home/kitili/test2/install/turtle/share/turtle/collision/Front_right1.STL
-- Up-to-date: /home/kitili/test2/install/turtle/share/turtle/collision/Front_right2.STL
-- Up-to-date: /home/kitili/test2/install/turtle/share/turtle/collision/Back_right2.STL
-- Up-to-date: /home/kitili/test2/install/turtle/share/turtle/collision/Back_left2.STL
-- Up-to-date: /home/kitili/test2/install/turtle/share/turtle/collision/Back_right1.STL
-- Up-to-date: /home/kitili/test2/install/turtle/share/turtle/visual
-- Up-to-date: /home/kitili/test2/install/turtle/share/turtle/visual/Front_left1.STL
-- Up-to-date: /home/kitili/test2/install/turtle/share/turtle/visual/Back_left1.STL
-- Up-to-date: /home/kitili/test2/install/turtle/share/turtle/visual/base_link.STL
-- Up-to-date: /home/kitili/test2/install/turtle/share/turtle/visual/Front_left2.STL
-- Up-to-date: /home/kitili/test2/install/turtle/share/turtle/visual/Front_right1.STL
-- Up-to-date: /home/kitili/test2/install/turtle/share/turtle/visual/Front_right2.STL
-- Up-to-date: /home/kitili/test2/install/turtle/share/turtle/visual/Back_right2.STL
-- Up-to-date: /home/kitili/test2/install/turtle/share/turtle/visual/Back_left2.STL
-- Up-to-date: /home/kitili/test2/install/turtle/share/turtle/visual/Back_right1.STL
-- Up-to-date: /home/kitili/test2/install/turtle/share/turtle/models
-- Up-to-date: /home/kitili/test2/install/turtle/share/turtle/params
-- Up-to-date: /home/kitili/test2/install/turtle/share/turtle/rviz
-- Up-to-date: /home/kitili/test2/install/turtle/share/turtle/rviz/rviz_basic_settings.rviz
-- Up-to-date: /home/kitili/test2/install/turtle/share/turtle/src
-- Up-to-date: /home/kitili/test2/install/turtle/share/turtle/urdf
-- Up-to-date: /home/kitili/test2/install/turtle/share/turtle/urdf/URDF1.urdf
-- Up-to-date: /home/kitili/test2/install/turtle/share/turtle/worlds
-- Up-to-date: /home/kitili/test2/install/turtle/share/ament_index/resource_index/package_run_dependencies/turtle
-- Up-to-date: /home/kitili/test2/install/turtle/share/ament_index/resource_index/parent_prefix_path/turtle
-- Up-to-date: /home/kitili/test2/install/turtle/share/turtle/environment/ament_prefix_path.sh
-- Up-to-date: /home/kitili/test2/install/turtle/share/turtle/environment/ament_prefix_path.dsv
-- Up-to-date: /home/kitili/test2/install/turtle/share/turtle/environment/path.sh
-- Up-to-date: /home/kitili/test2/install/turtle/share/turtle/environment/path.dsv
-- Up-to-date: /home/kitili/test2/install/turtle/share/turtle/local_setup.bash
-- Up-to-date: /home/kitili/test2/install/turtle/share/turtle/local_setup.sh
-- Up-to-date: /home/kitili/test2/install/turtle/share/turtle/local_setup.zsh
-- Up-to-date: /home/kitili/test2/install/turtle/share/turtle/local_setup.dsv
-- Installing: /home/kitili/test2/install/turtle/share/turtle/package.dsv
-- Up-to-date: /home/kitili/test2/install/turtle/share/ament_index/resource_index/packages/turtle
-- Up-to-date: /home/kitili/test2/install/turtle/share/turtle/cmake/turtleConfig.cmake
-- Up-to-date: /home/kitili/test2/install/turtle/share/turtle/cmake/turtleConfig-version.cmake
-- Up-to-date: /home/kitili/test2/install/turtle/share/turtle/package.xml
