[0.014s] Invoking command in '/home/kitili/test2/build/turtle': CMAKE_PREFIX_PATH=${CMAKE_PREFIX_PATH}:/home/kitili/ros2_ws/install/ros2_control_demo_testing:/home/kitili/ros2_ws/install/build_test_pkg:/opt/ros/jazzy DEBUGINFOD_URLS=https://debuginfod.ubuntu.com /usr/bin/cmake --build /home/kitili/test2/build/turtle -- -j6 -l6
[0.054s] -- Found ament_cmake: 2.5.2 (/opt/ros/jazzy/share/ament_cmake/cmake)
[0.291s] -- Found rclcpp: 28.1.5 (/opt/ros/jazzy/share/rclcpp/cmake)
[0.347s] -- Found rosidl_generator_c: 4.6.4 (/opt/ros/jazzy/share/rosidl_generator_c/cmake)
[0.361s] -- Found rosidl_generator_cpp: 4.6.4 (/opt/ros/jazzy/share/rosidl_generator_cpp/cmake)
[0.382s] -- Using all available rosidl_typesupport_c: rosidl_typesupport_fastrtps_c;rosidl_typesupport_introspection_c
[0.404s] -- Using all available rosidl_typesupport_cpp: rosidl_typesupport_fastrtps_cpp;rosidl_typesupport_introspection_cpp
[0.509s] -- Found rmw_implementation_cmake: 7.3.1 (/opt/ros/jazzy/share/rmw_implementation_cmake/cmake)
[0.512s] -- Found rmw_fastrtps_cpp: 8.4.1 (/opt/ros/jazzy/share/rmw_fastrtps_cpp/cmake)
[0.605s] -- Using RMW implementation 'rmw_fastrtps_cpp' as default
[0.722s] -- Found controller_manager: 4.18.0 (/opt/ros/jazzy/share/controller_manager/cmake)
[1.405s] -- Found ament_lint_auto: 0.17.1 (/opt/ros/jazzy/share/ament_lint_auto/cmake)
[1.517s] -- Added test 'cppcheck' to perform static code analysis on C / C++ code
[1.517s] -- Configured cppcheck include dirs: 
[1.517s] -- Configured cppcheck exclude dirs and/or files: 
[1.519s] -- Added test 'flake8' to check Python code syntax and style conventions
[1.519s] -- Configured 'flake8' exclude dirs and/or files: 
[1.522s] -- Added test 'lint_cmake' to check CMake code style
[1.524s] -- Added test 'pep257' to check Python code against some of the docstring style conventions in PEP 257
[1.536s] -- Added test 'uncrustify' to check C / C++ code style
[1.536s] -- Configured uncrustify additional arguments: 
[1.538s] -- Added test 'xmllint' to check XML markup files
[1.540s] -- Configuring done (1.5s)
[1.549s] -- Generating done (0.0s)
[1.551s] -- Build files have been written to: /home/kitili/test2/build/turtle
[1.582s] Invoked command in '/home/kitili/test2/build/turtle' returned '0': CMAKE_PREFIX_PATH=${CMAKE_PREFIX_PATH}:/home/kitili/ros2_ws/install/ros2_control_demo_testing:/home/kitili/ros2_ws/install/build_test_pkg:/opt/ros/jazzy DEBUGINFOD_URLS=https://debuginfod.ubuntu.com /usr/bin/cmake --build /home/kitili/test2/build/turtle -- -j6 -l6
[1.617s] Invoking command in '/home/kitili/test2/build/turtle': CMAKE_PREFIX_PATH=${CMAKE_PREFIX_PATH}:/home/kitili/ros2_ws/install/ros2_control_demo_testing:/home/kitili/ros2_ws/install/build_test_pkg:/opt/ros/jazzy DEBUGINFOD_URLS=https://debuginfod.ubuntu.com /usr/bin/cmake --install /home/kitili/test2/build/turtle
[1.626s] -- Install configuration: ""
[1.627s] -- Up-to-date: /home/kitili/test2/install/turtle/share/turtle/config
[1.627s] -- Up-to-date: /home/kitili/test2/install/turtle/share/turtle/config/joint_controller.yaml
[1.627s] -- Up-to-date: /home/kitili/test2/install/turtle/share/turtle/config/ros2_control.xacro
[1.627s] -- Up-to-date: /home/kitili/test2/install/turtle/share/turtle/launch
[1.627s] -- Up-to-date: /home/kitili/test2/install/turtle/share/turtle/launch/launch.py
[1.627s] -- Up-to-date: /home/kitili/test2/install/turtle/share/turtle/launch/__pycache__
[1.627s] -- Installing: /home/kitili/test2/install/turtle/share/turtle/launch/__pycache__/launch.cpython-312.pyc
[1.627s] -- Up-to-date: /home/kitili/test2/install/turtle/share/turtle/launch/Turtle.Launch.py
[1.628s] -- Up-to-date: /home/kitili/test2/install/turtle/share/turtle/maps
[1.628s] -- Up-to-date: /home/kitili/test2/install/turtle/share/turtle/meshes
[1.628s] -- Up-to-date: /home/kitili/test2/install/turtle/share/turtle/meshes/collision
[1.628s] -- Up-to-date: /home/kitili/test2/install/turtle/share/turtle/meshes/collision/Front_left1.STL
[1.628s] -- Up-to-date: /home/kitili/test2/install/turtle/share/turtle/meshes/collision/Back_left1.STL
[1.628s] -- Up-to-date: /home/kitili/test2/install/turtle/share/turtle/meshes/collision/base_link.STL
[1.628s] -- Up-to-date: /home/kitili/test2/install/turtle/share/turtle/meshes/collision/Front_left2.STL
[1.629s] -- Up-to-date: /home/kitili/test2/install/turtle/share/turtle/meshes/collision/Front_right1.STL
[1.629s] -- Up-to-date: /home/kitili/test2/install/turtle/share/turtle/meshes/collision/Front_right2.STL
[1.629s] -- Up-to-date: /home/kitili/test2/install/turtle/share/turtle/meshes/collision/Back_right2.STL
[1.629s] -- Up-to-date: /home/kitili/test2/install/turtle/share/turtle/meshes/collision/Back_left2.STL
[1.629s] -- Up-to-date: /home/kitili/test2/install/turtle/share/turtle/meshes/collision/Back_right1.STL
[1.629s] -- Up-to-date: /home/kitili/test2/install/turtle/share/turtle/meshes/visual
[1.629s] -- Up-to-date: /home/kitili/test2/install/turtle/share/turtle/meshes/visual/Front_left1.STL
[1.629s] -- Up-to-date: /home/kitili/test2/install/turtle/share/turtle/meshes/visual/Back_left1.STL
[1.630s] -- Up-to-date: /home/kitili/test2/install/turtle/share/turtle/meshes/visual/base_link.STL
[1.630s] -- Up-to-date: /home/kitili/test2/install/turtle/share/turtle/meshes/visual/Front_left2.STL
[1.630s] -- Up-to-date: /home/kitili/test2/install/turtle/share/turtle/meshes/visual/Front_right1.STL
[1.630s] -- Up-to-date: /home/kitili/test2/install/turtle/share/turtle/meshes/visual/Front_right2.STL
[1.630s] -- Up-to-date: /home/kitili/test2/install/turtle/share/turtle/meshes/visual/Back_right2.STL
[1.630s] -- Up-to-date: /home/kitili/test2/install/turtle/share/turtle/meshes/visual/Back_left2.STL
[1.630s] -- Up-to-date: /home/kitili/test2/install/turtle/share/turtle/meshes/visual/Back_right1.STL
[1.630s] -- Up-to-date: /home/kitili/test2/install/turtle/share/turtle/collision
[1.630s] -- Up-to-date: /home/kitili/test2/install/turtle/share/turtle/collision/Front_left1.STL
[1.630s] -- Up-to-date: /home/kitili/test2/install/turtle/share/turtle/collision/Back_left1.STL
[1.631s] -- Up-to-date: /home/kitili/test2/install/turtle/share/turtle/collision/base_link.STL
[1.631s] -- Up-to-date: /home/kitili/test2/install/turtle/share/turtle/collision/Front_left2.STL
[1.631s] -- Up-to-date: /home/kitili/test2/install/turtle/share/turtle/collision/Front_right1.STL
[1.631s] -- Up-to-date: /home/kitili/test2/install/turtle/share/turtle/collision/Front_right2.STL
[1.631s] -- Up-to-date: /home/kitili/test2/install/turtle/share/turtle/collision/Back_right2.STL
[1.631s] -- Up-to-date: /home/kitili/test2/install/turtle/share/turtle/collision/Back_left2.STL
[1.631s] -- Up-to-date: /home/kitili/test2/install/turtle/share/turtle/collision/Back_right1.STL
[1.631s] -- Up-to-date: /home/kitili/test2/install/turtle/share/turtle/visual
[1.631s] -- Up-to-date: /home/kitili/test2/install/turtle/share/turtle/visual/Front_left1.STL
[1.632s] -- Up-to-date: /home/kitili/test2/install/turtle/share/turtle/visual/Back_left1.STL
[1.632s] -- Up-to-date: /home/kitili/test2/install/turtle/share/turtle/visual/base_link.STL
[1.632s] -- Up-to-date: /home/kitili/test2/install/turtle/share/turtle/visual/Front_left2.STL
[1.632s] -- Up-to-date: /home/kitili/test2/install/turtle/share/turtle/visual/Front_right1.STL
[1.632s] -- Up-to-date: /home/kitili/test2/install/turtle/share/turtle/visual/Front_right2.STL
[1.632s] -- Up-to-date: /home/kitili/test2/install/turtle/share/turtle/visual/Back_right2.STL
[1.632s] -- Up-to-date: /home/kitili/test2/install/turtle/share/turtle/visual/Back_left2.STL
[1.632s] -- Up-to-date: /home/kitili/test2/install/turtle/share/turtle/visual/Back_right1.STL
[1.632s] -- Up-to-date: /home/kitili/test2/install/turtle/share/turtle/models
[1.633s] -- Up-to-date: /home/kitili/test2/install/turtle/share/turtle/params
[1.633s] -- Up-to-date: /home/kitili/test2/install/turtle/share/turtle/rviz
[1.633s] -- Up-to-date: /home/kitili/test2/install/turtle/share/turtle/rviz/rviz_basic_settings.rviz
[1.633s] -- Up-to-date: /home/kitili/test2/install/turtle/share/turtle/src
[1.633s] -- Up-to-date: /home/kitili/test2/install/turtle/share/turtle/urdf
[1.633s] -- Up-to-date: /home/kitili/test2/install/turtle/share/turtle/urdf/URDF1.urdf
[1.633s] -- Up-to-date: /home/kitili/test2/install/turtle/share/turtle/worlds
[1.633s] -- Up-to-date: /home/kitili/test2/install/turtle/share/ament_index/resource_index/package_run_dependencies/turtle
[1.633s] -- Installing: /home/kitili/test2/install/turtle/share/ament_index/resource_index/parent_prefix_path/turtle
[1.633s] -- Up-to-date: /home/kitili/test2/install/turtle/share/turtle/environment/ament_prefix_path.sh
[1.634s] -- Up-to-date: /home/kitili/test2/install/turtle/share/turtle/environment/ament_prefix_path.dsv
[1.634s] -- Up-to-date: /home/kitili/test2/install/turtle/share/turtle/environment/path.sh
[1.634s] -- Up-to-date: /home/kitili/test2/install/turtle/share/turtle/environment/path.dsv
[1.634s] -- Up-to-date: /home/kitili/test2/install/turtle/share/turtle/local_setup.bash
[1.634s] -- Up-to-date: /home/kitili/test2/install/turtle/share/turtle/local_setup.sh
[1.634s] -- Up-to-date: /home/kitili/test2/install/turtle/share/turtle/local_setup.zsh
[1.634s] -- Up-to-date: /home/kitili/test2/install/turtle/share/turtle/local_setup.dsv
[1.634s] -- Installing: /home/kitili/test2/install/turtle/share/turtle/package.dsv
[1.634s] -- Up-to-date: /home/kitili/test2/install/turtle/share/ament_index/resource_index/packages/turtle
[1.634s] -- Up-to-date: /home/kitili/test2/install/turtle/share/turtle/cmake/turtleConfig.cmake
[1.634s] -- Up-to-date: /home/kitili/test2/install/turtle/share/turtle/cmake/turtleConfig-version.cmake
[1.634s] -- Up-to-date: /home/kitili/test2/install/turtle/share/turtle/package.xml
[1.635s] Invoked command in '/home/kitili/test2/build/turtle' returned '0': CMAKE_PREFIX_PATH=${CMAKE_PREFIX_PATH}:/home/kitili/ros2_ws/install/ros2_control_demo_testing:/home/kitili/ros2_ws/install/build_test_pkg:/opt/ros/jazzy DEBUGINFOD_URLS=https://debuginfod.ubuntu.com /usr/bin/cmake --install /home/kitili/test2/build/turtle
